<?xml version="1.0" encoding="UTF-8"?>
<!-- Generated by org.testng.reporters.JUnitReportReporter -->
<testsuite name="automation.UPLCoApp" tests="2" time="0.002" ignored="0" failures="0" timestamp="11 Aug 2020 19:08:26 GMT" skipped="1" hostname="GSY-IBhangu" errors="1">
  <testcase name="CoApp1" time="0.002" classname="automation.UPLCoApp">
    <skipped/>
  </testcase> <!-- CoApp1 -->
  <testcase name="initialize1" time="0.000" classname="automation.UPLCoApp">
    <error type="org.openqa.selenium.SessionNotCreatedException" message="session not created
from chrome not reachable
  (Session info: chrome=84.0.4147.105)
Build info: version: &#039;3.141.59&#039;, revision: &#039;e82be7d358&#039;, time: &#039;2018-11-14T08:25:48&#039;
System info: host: &#039;GSY-IBHANGU&#039;, ip: &#039;192.168.2.57&#039;, os.name: &#039;Windows 10&#039;, os.arch: &#039;x86&#039;, os.version: &#039;10.0&#039;, java.version: &#039;1.8.0_171&#039;
Driver info: driver.version: BrowserDriver
remote stacktrace: Backtrace:
	Ordinal0 [0x003C9563+2725219]
	Ordinal0 [0x002C8551+1672529]
	Ordinal0 [0x001B0202+524802]
	Ordinal0 [0x001A99B2+498098]
	Ordinal0 [0x001AA09B+499867]
	Ordinal0 [0x001AAFF5+503797]
	Ordinal0 [0x001A6994+485780]
	Ordinal0 [0x001B0FF0+528368]
	Ordinal0 [0x0015D6C9+186057]
	Ordinal0 [0x0015CA3D+182845]
	Ordinal0 [0x0015A94B+174411]
	Ordinal0 [0x00142528+75048]
	Ordinal0 [0x001435A0+79264]
	Ordinal0 [0x00143539+79161]
	Ordinal0 [0x002DD607+1758727]
	GetHandleVerifier [0x004E6546+1050150]
	GetHandleVerifier [0x004E6291+1049457]
	GetHandleVerifier [0x004F10D7+1094071]
	GetHandleVerifier [0x004E6B46+1051686]
	Ordinal0 [0x002D5B06+1727238]
	Ordinal0 [0x002DEB7B+1764219]
	Ordinal0 [0x002DECE3+1764579]
	Ordinal0 [0x002F4C05+1854469]
	BaseThreadInitThunk [0x75536359+25]
	RtlGetAppContainerNamedObjectPath [0x77637C24+228]
	RtlGetAppContainerNamedObjectPath [0x77637BF4+180]
">
      <![CDATA[org.openqa.selenium.SessionNotCreatedException: session not created
from chrome not reachable
  (Session info: chrome=84.0.4147.105)
Build info: version: '3.141.59', revision: 'e82be7d358', time: '2018-11-14T08:25:48'
System info: host: 'GSY-IBHANGU', ip: '192.168.2.57', os.name: 'Windows 10', os.arch: 'x86', os.version: '10.0', java.version: '1.8.0_171'
Driver info: driver.version: BrowserDriver
remote stacktrace: Backtrace:
	Ordinal0 [0x003C9563+2725219]
	Ordinal0 [0x002C8551+1672529]
	Ordinal0 [0x001B0202+524802]
	Ordinal0 [0x001A99B2+498098]
	Ordinal0 [0x001AA09B+499867]
	Ordinal0 [0x001AAFF5+503797]
	Ordinal0 [0x001A6994+485780]
	Ordinal0 [0x001B0FF0+528368]
	Ordinal0 [0x0015D6C9+186057]
	Ordinal0 [0x0015CA3D+182845]
	Ordinal0 [0x0015A94B+174411]
	Ordinal0 [0x00142528+75048]
	Ordinal0 [0x001435A0+79264]
	Ordinal0 [0x00143539+79161]
	Ordinal0 [0x002DD607+1758727]
	GetHandleVerifier [0x004E6546+1050150]
	GetHandleVerifier [0x004E6291+1049457]
	GetHandleVerifier [0x004F10D7+1094071]
	GetHandleVerifier [0x004E6B46+1051686]
	Ordinal0 [0x002D5B06+1727238]
	Ordinal0 [0x002DEB7B+1764219]
	Ordinal0 [0x002DECE3+1764579]
	Ordinal0 [0x002F4C05+1854469]
	BaseThreadInitThunk [0x75536359+25]
	RtlGetAppContainerNamedObjectPath [0x77637C24+228]
	RtlGetAppContainerNamedObjectPath [0x77637BF4+180]

	at sun.reflect.NativeConstructorAccessorImpl.newInstance0(Native Method)
	at sun.reflect.NativeConstructorAccessorImpl.newInstance(Unknown Source)
	at sun.reflect.DelegatingConstructorAccessorImpl.newInstance(Unknown Source)
	at java.lang.reflect.Constructor.newInstance(Unknown Source)
	at org.openqa.selenium.remote.W3CHandshakeResponse.lambda$errorHandler$0(W3CHandshakeResponse.java:62)
	at org.openqa.selenium.remote.HandshakeResponse.lambda$getResponseFunction$0(HandshakeResponse.java:30)
	at org.openqa.selenium.remote.ProtocolHandshake.lambda$createSession$0(ProtocolHandshake.java:126)
	at java.util.stream.ReferencePipeline$3$1.accept(Unknown Source)
	at java.util.Spliterators$ArraySpliterator.tryAdvance(Unknown Source)
	at java.util.stream.ReferencePipeline.forEachWithCancel(Unknown Source)
	at java.util.stream.AbstractPipeline.copyIntoWithCancel(Unknown Source)
	at java.util.stream.AbstractPipeline.copyInto(Unknown Source)
	at java.util.stream.AbstractPipeline.wrapAndCopyInto(Unknown Source)
	at java.util.stream.FindOps$FindOp.evaluateSequential(Unknown Source)
	at java.util.stream.AbstractPipeline.evaluate(Unknown Source)
	at java.util.stream.ReferencePipeline.findFirst(Unknown Source)
	at org.openqa.selenium.remote.ProtocolHandshake.createSession(ProtocolHandshake.java:128)
	at org.openqa.selenium.remote.ProtocolHandshake.createSession(ProtocolHandshake.java:74)
	at org.openqa.selenium.remote.HttpCommandExecutor.execute(HttpCommandExecutor.java:136)
	at org.openqa.selenium.remote.service.DriverCommandExecutor.execute(DriverCommandExecutor.java:83)
	at org.openqa.selenium.remote.RemoteWebDriver.execute(RemoteWebDriver.java:552)
	at org.openqa.selenium.remote.RemoteWebDriver.startSession(RemoteWebDriver.java:213)
	at org.openqa.selenium.remote.RemoteWebDriver.<init>(RemoteWebDriver.java:131)
	at org.openqa.selenium.chrome.ChromeDriver.<init>(ChromeDriver.java:181)
	at org.openqa.selenium.chrome.ChromeDriver.<init>(ChromeDriver.java:147)
	at resources.BrowserDriver.browser(BrowserDriver.java:58)
	at automation.UPLCoApp.initialize1(UPLCoApp.java:71)
	at sun.reflect.NativeMethodAccessorImpl.invoke0(Native Method)
	at sun.reflect.NativeMethodAccessorImpl.invoke(Unknown Source)
	at sun.reflect.DelegatingMethodAccessorImpl.invoke(Unknown Source)
	at java.lang.reflect.Method.invoke(Unknown Source)
	at org.testng.internal.MethodInvocationHelper.invokeMethod(MethodInvocationHelper.java:104)
	at org.testng.internal.Invoker.invokeConfigurationMethod(Invoker.java:515)
	at org.testng.internal.Invoker.invokeConfigurations(Invoker.java:217)
	at org.testng.internal.Invoker.invokeConfigurations(Invoker.java:144)
	at org.testng.TestRunner.beforeRun(TestRunner.java:634)
	at org.testng.TestRunner.run(TestRunner.java:602)
	at org.testng.SuiteRunner.runTest(SuiteRunner.java:387)
	at org.testng.SuiteRunner.runSequentially(SuiteRunner.java:382)
	at org.testng.SuiteRunner.privateRun(SuiteRunner.java:340)
	at org.testng.SuiteRunner.run(SuiteRunner.java:289)
	at org.testng.SuiteRunnerWorker.runSuite(SuiteRunnerWorker.java:52)
	at org.testng.SuiteRunnerWorker.run(SuiteRunnerWorker.java:86)
	at org.testng.TestNG.runSuitesSequentially(TestNG.java:1293)
	at org.testng.TestNG.runSuitesLocally(TestNG.java:1218)
	at org.testng.TestNG.runSuites(TestNG.java:1133)
	at org.testng.TestNG.run(TestNG.java:1104)
	at org.testng.remote.AbstractRemoteTestNG.run(AbstractRemoteTestNG.java:132)
	at org.testng.remote.RemoteTestNG.initAndRun(RemoteTestNG.java:236)
	at org.testng.remote.RemoteTestNG.main(RemoteTestNG.java:81)
]]>
    </error>
  </testcase> <!-- initialize1 -->
</testsuite> <!-- automation.UPLCoApp -->
