<?xml version="1.0" encoding="UTF-8"?>
<!-- Generated by org.testng.reporters.JUnitReportReporter -->
<testsuite hostname="GSY-IBhangu" failures="1" tests="1" name="automation.ExpressApp" time="0.000" errors="0" timestamp="21 Jan 2021 18:54:20 GMT">
  <testcase classname="automation.ExpressApp" name="m1" time="0.000">
    <failure message="session not created: This version of ChromeDriver only supports Chrome version 85
Build info: version: &#039;3.141.59&#039;, revision: &#039;e82be7d358&#039;, time: &#039;2018-11-14T08:25:48&#039;
System info: host: &#039;GSY-IBHANGU&#039;, ip: &#039;192.168.2.44&#039;, os.name: &#039;Windows 10&#039;, os.arch: &#039;amd64&#039;, os.version: &#039;10.0&#039;, java.version: &#039;9.0.1&#039;
Driver info: driver.version: BrowserDriver
remote stacktrace: Backtrace:
	Ordinal0 [0x0044D383+3134339]
	Ordinal0 [0x0033A171+2007409]
	Ordinal0 [0x001DAEE8+569064]
	Ordinal0 [0x0016139F+70559]
	Ordinal0 [0x0015CC63+52323]
	Ordinal0 [0x00180DFC+200188]
	Ordinal0 [0x00180C1D+199709]
	Ordinal0 [0x0017EB0B+191243]
	Ordinal0 [0x00162E77+77431]
	Ordinal0 [0x00163E3E+81470]
	Ordinal0 [0x00163DC9+81353]
	Ordinal0 [0x00350CD9+2100441]
	GetHandleVerifier [0x005BB75A+1396954]
	GetHandleVerifier [0x005BB3D9+1396057]
	GetHandleVerifier [0x005C7126+1444518]
	GetHandleVerifier [0x005BBCE8+1398376]
	Ordinal0 [0x00347F51+2064209]
	Ordinal0 [0x003522EB+2106091]
	Ordinal0 [0x00352411+2106385]
	Ordinal0 [0x003649C4+2181572]
	BaseThreadInitThunk [0x76F96359+25]
	RtlGetAppContainerNamedObjectPath [0x778F8944+228]
	RtlGetAppContainerNamedObjectPath [0x778F8914+180]
" type="org.openqa.selenium.SessionNotCreatedException">
      <![CDATA[org.openqa.selenium.SessionNotCreatedException: session not created: This version of ChromeDriver only supports Chrome version 85
Build info: version: '3.141.59', revision: 'e82be7d358', time: '2018-11-14T08:25:48'
System info: host: 'GSY-IBHANGU', ip: '192.168.2.44', os.name: 'Windows 10', os.arch: 'amd64', os.version: '10.0', java.version: '9.0.1'
Driver info: driver.version: BrowserDriver
remote stacktrace: Backtrace:
	Ordinal0 [0x0044D383+3134339]
	Ordinal0 [0x0033A171+2007409]
	Ordinal0 [0x001DAEE8+569064]
	Ordinal0 [0x0016139F+70559]
	Ordinal0 [0x0015CC63+52323]
	Ordinal0 [0x00180DFC+200188]
	Ordinal0 [0x00180C1D+199709]
	Ordinal0 [0x0017EB0B+191243]
	Ordinal0 [0x00162E77+77431]
	Ordinal0 [0x00163E3E+81470]
	Ordinal0 [0x00163DC9+81353]
	Ordinal0 [0x00350CD9+2100441]
	GetHandleVerifier [0x005BB75A+1396954]
	GetHandleVerifier [0x005BB3D9+1396057]
	GetHandleVerifier [0x005C7126+1444518]
	GetHandleVerifier [0x005BBCE8+1398376]
	Ordinal0 [0x00347F51+2064209]
	Ordinal0 [0x003522EB+2106091]
	Ordinal0 [0x00352411+2106385]
	Ordinal0 [0x003649C4+2181572]
	BaseThreadInitThunk [0x76F96359+25]
	RtlGetAppContainerNamedObjectPath [0x778F8944+228]
	RtlGetAppContainerNamedObjectPath [0x778F8914+180]

	at java.base/jdk.internal.reflect.NativeConstructorAccessorImpl.newInstance0(Native Method)
	at java.base/jdk.internal.reflect.NativeConstructorAccessorImpl.newInstance(Unknown Source)
	at java.base/jdk.internal.reflect.DelegatingConstructorAccessorImpl.newInstance(Unknown Source)
	at java.base/java.lang.reflect.Constructor.newInstance(Unknown Source)
	at org.openqa.selenium.remote.W3CHandshakeResponse.lambda$errorHandler$0(W3CHandshakeResponse.java:62)
	at org.openqa.selenium.remote.HandshakeResponse.lambda$getResponseFunction$0(HandshakeResponse.java:30)
	at org.openqa.selenium.remote.ProtocolHandshake.lambda$createSession$0(ProtocolHandshake.java:126)
	at java.base/java.util.stream.ReferencePipeline$3$1.accept(Unknown Source)
	at java.base/java.util.Spliterators$ArraySpliterator.tryAdvance(Unknown Source)
	at java.base/java.util.stream.ReferencePipeline.forEachWithCancel(Unknown Source)
	at java.base/java.util.stream.AbstractPipeline.copyIntoWithCancel(Unknown Source)
	at java.base/java.util.stream.AbstractPipeline.copyInto(Unknown Source)
	at java.base/java.util.stream.AbstractPipeline.wrapAndCopyInto(Unknown Source)
	at java.base/java.util.stream.FindOps$FindOp.evaluateSequential(Unknown Source)
	at java.base/java.util.stream.AbstractPipeline.evaluate(Unknown Source)
	at java.base/java.util.stream.ReferencePipeline.findFirst(Unknown Source)
	at org.openqa.selenium.remote.ProtocolHandshake.createSession(ProtocolHandshake.java:128)
	at org.openqa.selenium.remote.ProtocolHandshake.createSession(ProtocolHandshake.java:74)
	at org.openqa.selenium.remote.HttpCommandExecutor.execute(HttpCommandExecutor.java:136)
	at org.openqa.selenium.remote.service.DriverCommandExecutor.execute(DriverCommandExecutor.java:83)
	at org.openqa.selenium.remote.RemoteWebDriver.execute(RemoteWebDriver.java:552)
	at org.openqa.selenium.remote.RemoteWebDriver.startSession(RemoteWebDriver.java:213)
	at org.openqa.selenium.remote.RemoteWebDriver.<init>(RemoteWebDriver.java:131)
	at org.openqa.selenium.chrome.ChromeDriver.<init>(ChromeDriver.java:181)
	at org.openqa.selenium.chrome.ChromeDriver.<init>(ChromeDriver.java:147)
	at resources.BrowserDriver.browser(BrowserDriver.java:58)
	at automation.GdsTest.initialize1(GdsTest.java:91)
	at java.base/jdk.internal.reflect.NativeMethodAccessorImpl.invoke0(Native Method)
	at java.base/jdk.internal.reflect.NativeMethodAccessorImpl.invoke(Unknown Source)
	at java.base/jdk.internal.reflect.DelegatingMethodAccessorImpl.invoke(Unknown Source)
	at java.base/java.lang.reflect.Method.invoke(Unknown Source)
	at org.testng.internal.MethodInvocationHelper.invokeMethod(MethodInvocationHelper.java:84)
	at org.testng.internal.Invoker.invokeConfigurationMethod(Invoker.java:564)
	at org.testng.internal.Invoker.invokeConfigurations(Invoker.java:213)
	at org.testng.internal.Invoker.invokeConfigurations(Invoker.java:138)
	at org.testng.TestRunner.beforeRun(TestRunner.java:641)
	at org.testng.TestRunner.run(TestRunner.java:609)
	at org.testng.SuiteRunner.runTest(SuiteRunner.java:334)
	at org.testng.SuiteRunner.runSequentially(SuiteRunner.java:329)
	at org.testng.SuiteRunner.privateRun(SuiteRunner.java:291)
	at org.testng.SuiteRunner.run(SuiteRunner.java:240)
	at org.testng.SuiteRunnerWorker.runSuite(SuiteRunnerWorker.java:52)
	at org.testng.SuiteRunnerWorker.run(SuiteRunnerWorker.java:86)
	at org.testng.TestNG.runSuitesSequentially(TestNG.java:1224)
	at org.testng.TestNG.runSuitesLocally(TestNG.java:1149)
	at org.testng.TestNG.run(TestNG.java:1057)
	at org.testng.TestNG.privateMain(TestNG.java:1364)
	at org.testng.TestNG.main(TestNG.java:1333)
]]>
    </failure>
  </testcase> <!-- m1 -->
</testsuite> <!-- automation.ExpressApp -->
